16:01:39:179  INFO 1240 --- [main] com.hmall.pay.PayApplication             : Starting PayApplication using Java 17.0.6 on LAPTOP-BFIC8H2P with PID 1240 (D:\Desktop\sprindcloud\2\springcloud\day02-Docker\资料\hmall\pay-service\target\classes started by 86132 in D:\Desktop\sprindcloud\2\springcloud\day02-Docker\资料\hmall)
16:01:39:183 DEBUG 1240 --- [main] com.hmall.pay.PayApplication             : Running with Spring Boot v2.7.12, Spring v5.3.27
16:01:39:184  INFO 1240 --- [main] com.hmall.pay.PayApplication             : The following 1 profile is active: "dev"
16:01:39:934  INFO 1240 --- [main] o.s.cloud.context.scope.GenericScope     : BeanFactory id=b0801efb-7556-37fd-b1a1-8a55b322c771
16:01:40:254  INFO 1240 --- [main] o.s.b.w.embedded.tomcat.TomcatWebServer  : Tomcat initialized with port(s): 8086 (http)
16:01:40:265  INFO 1240 --- [main] o.apache.catalina.core.StandardService   : Starting service [Tomcat]
16:01:40:265  INFO 1240 --- [main] org.apache.catalina.core.StandardEngine  : Starting Servlet engine: [Apache Tomcat/9.0.75]
16:01:40:456  INFO 1240 --- [main] o.a.c.c.C.[Tomcat].[localhost].[/]       : Initializing Spring embedded WebApplicationContext
16:01:40:457  INFO 1240 --- [main] w.s.c.ServletWebServerApplicationContext : Root WebApplicationContext: initialization completed in 1219 ms
16:01:40:606  INFO 1240 --- [main] o.s.c.openfeign.FeignClientFactoryBean   : For 'user-service' URL not provided. Will try picking an instance via load-balancing.
16:01:40:647  INFO 1240 --- [main] o.s.c.openfeign.FeignClientFactoryBean   : For 'trade-service' URL not provided. Will try picking an instance via load-balancing.
16:01:41:745  INFO 1240 --- [main] pertySourcedRequestMappingHandlerMapping : Mapped URL path [/v2/api-docs] onto method [springfox.documentation.swagger2.web.Swagger2ControllerWebMvc#getDocumentation(String, HttpServletRequest)]
16:01:42:257  INFO 1240 --- [main] com.alibaba.nacos.common.remote.client   : [RpcClientFactory] create a new rpc client of 1858258a-0c91-4f9e-b07c-fdb3e13eeaf4
16:01:42:303  INFO 1240 --- [main] org.reflections.Reflections              : Reflections took 20 ms to scan 1 urls, producing 3 keys and 6 values 
16:01:42:327  INFO 1240 --- [main] org.reflections.Reflections              : Reflections took 10 ms to scan 1 urls, producing 4 keys and 9 values 
16:01:42:336  INFO 1240 --- [main] org.reflections.Reflections              : Reflections took 7 ms to scan 1 urls, producing 3 keys and 10 values 
16:01:42:338  WARN 1240 --- [main] org.reflections.Reflections              : given scan urls are empty. set urls in the configuration
16:01:42:344  INFO 1240 --- [main] org.reflections.Reflections              : Reflections took 5 ms to scan 1 urls, producing 1 keys and 5 values 
16:01:42:350  INFO 1240 --- [main] org.reflections.Reflections              : Reflections took 5 ms to scan 1 urls, producing 1 keys and 7 values 
16:01:42:357  INFO 1240 --- [main] org.reflections.Reflections              : Reflections took 5 ms to scan 1 urls, producing 2 keys and 8 values 
16:01:42:359  WARN 1240 --- [main] org.reflections.Reflections              : given scan urls are empty. set urls in the configuration
16:01:42:359  INFO 1240 --- [main] com.alibaba.nacos.common.remote.client   : [1858258a-0c91-4f9e-b07c-fdb3e13eeaf4] RpcClient init label, labels = {module=naming, source=sdk}
16:01:42:361  INFO 1240 --- [main] com.alibaba.nacos.common.remote.client   : [1858258a-0c91-4f9e-b07c-fdb3e13eeaf4] RpcClient init, ServerListFactory = com.alibaba.nacos.client.naming.core.ServerListManager
16:01:42:361  INFO 1240 --- [main] com.alibaba.nacos.common.remote.client   : [1858258a-0c91-4f9e-b07c-fdb3e13eeaf4] Registry connection listener to current client:com.alibaba.nacos.client.naming.remote.gprc.redo.NamingGrpcRedoService
16:01:42:362  INFO 1240 --- [main] com.alibaba.nacos.common.remote.client   : [1858258a-0c91-4f9e-b07c-fdb3e13eeaf4] Register server push request handler:com.alibaba.nacos.client.naming.remote.gprc.NamingPushRequestHandler
16:01:42:362  INFO 1240 --- [main] com.alibaba.nacos.common.remote.client   : [1858258a-0c91-4f9e-b07c-fdb3e13eeaf4] Try to connect to server on start up, server: {serverIp = '192.168.115.132', server main port = 8848}
16:01:43:498  INFO 1240 --- [main] com.alibaba.nacos.common.remote.client   : [1858258a-0c91-4f9e-b07c-fdb3e13eeaf4] Success to connect to server [192.168.115.132:8848] on start up, connectionId = 1736755302406_192.168.115.1_55491
16:01:43:498  INFO 1240 --- [com.alibaba.nacos.client.remote.worker] com.alibaba.nacos.common.remote.client   : [1858258a-0c91-4f9e-b07c-fdb3e13eeaf4] Notify connected event to listeners.
16:01:43:498  INFO 1240 --- [main] com.alibaba.nacos.common.remote.client   : [1858258a-0c91-4f9e-b07c-fdb3e13eeaf4] Register server push request handler:com.alibaba.nacos.common.remote.client.RpcClient$ConnectResetRequestHandler
16:01:43:498  INFO 1240 --- [main] com.alibaba.nacos.common.remote.client   : [1858258a-0c91-4f9e-b07c-fdb3e13eeaf4] Register server push request handler:com.alibaba.nacos.common.remote.client.RpcClient$$Lambda$992/0x000000080138b488
16:01:43:540  INFO 1240 --- [main] o.s.b.w.embedded.tomcat.TomcatWebServer  : Tomcat started on port(s): 8086 (http) with context path ''
16:01:43:549  INFO 1240 --- [main] c.a.c.n.registry.NacosServiceRegistry    : nacos registry, DEFAULT_GROUP pay-service 192.168.203.1:8086 register finished
16:01:43:890  INFO 1240 --- [main] d.s.w.p.DocumentationPluginsBootstrapper : Documentation plugins bootstrapped
16:01:43:893  INFO 1240 --- [main] d.s.w.p.DocumentationPluginsBootstrapper : Found 1 custom documentation plugin(s)
16:01:43:909  INFO 1240 --- [main] s.d.s.w.s.ApiListingReferenceScanner     : Scanning for api listing references
16:01:43:989  INFO 1240 --- [main] com.hmall.pay.PayApplication             : Started PayApplication in 5.576 seconds (JVM running for 6.342)
16:01:44:119  INFO 1240 --- [nacos-grpc-client-executor-10] com.alibaba.nacos.common.remote.client   : [1858258a-0c91-4f9e-b07c-fdb3e13eeaf4] Receive server push request, request = NotifySubscriberRequest, requestId = 5
16:01:44:122  INFO 1240 --- [nacos-grpc-client-executor-10] com.alibaba.nacos.common.remote.client   : [1858258a-0c91-4f9e-b07c-fdb3e13eeaf4] Ack server push request, request = NotifySubscriberRequest, requestId = 5
23:23:37:579  WARN 1240 --- [Thread-7] c.a.n.common.http.HttpClientBeanHolder   : [HttpClientBeanHolder] Start destroying common HttpClient
23:23:37:579  WARN 1240 --- [Thread-4] c.a.nacos.common.notify.NotifyCenter     : [NotifyCenter] Start destroying Publisher
23:23:37:595  WARN 1240 --- [Thread-4] c.a.nacos.common.notify.NotifyCenter     : [NotifyCenter] Destruction of the end
23:23:37:603  WARN 1240 --- [Thread-7] c.a.n.common.http.HttpClientBeanHolder   : [HttpClientBeanHolder] Destruction of the end
23:23:37:775  INFO 1240 --- [SpringApplicationShutdownHook] c.a.c.n.registry.NacosServiceRegistry    : De-registering from Nacos Server now...
23:23:37:779  INFO 1240 --- [SpringApplicationShutdownHook] c.a.c.n.registry.NacosServiceRegistry    : De-registration finished.
23:23:38:115  INFO 1240 --- [SpringApplicationShutdownHook] com.alibaba.nacos.common.remote.client   : Shutdown rpc client, set status to shutdown
23:23:38:115  INFO 1240 --- [SpringApplicationShutdownHook] com.alibaba.nacos.common.remote.client   : Shutdown client event executor java.util.concurrent.ScheduledThreadPoolExecutor@7b786532[Running, pool size = 2, active threads = 2, queued tasks = 0, completed tasks = 0]
23:23:38:115  INFO 1240 --- [SpringApplicationShutdownHook] com.alibaba.nacos.common.remote.client   : Close current connection 1736755302406_192.168.115.1_55491
23:23:38:117  INFO 1240 --- [nacos-grpc-client-executor-5316] c.a.n.c.remote.client.grpc.GrpcClient    : [1736755302406_192.168.115.1_55491]Ignore complete event,isRunning:false,isAbandon=false
23:23:38:126  INFO 1240 --- [SpringApplicationShutdownHook] c.a.n.c.remote.client.grpc.GrpcClient    : Shutdown grpc executor java.util.concurrent.ThreadPoolExecutor@703b7a2b[Running, pool size = 5, active threads = 0, queued tasks = 0, completed tasks = 5317]
