16:01:42:725  INFO 13724 --- [main] com.hmall.trade.TradeApplication         : Starting TradeApplication using Java 17.0.6 on LAPTOP-BFIC8H2P with PID 13724 (D:\Desktop\sprindcloud\2\springcloud\day02-Docker\资料\hmall\trade-service\target\classes started by 86132 in D:\Desktop\sprindcloud\2\springcloud\day02-Docker\资料\hmall)
16:01:42:730 DEBUG 13724 --- [main] com.hmall.trade.TradeApplication         : Running with Spring Boot v2.7.12, Spring v5.3.27
16:01:42:730  INFO 13724 --- [main] com.hmall.trade.TradeApplication         : The following 1 profile is active: "dev"
16:01:43:522  INFO 13724 --- [main] o.s.cloud.context.scope.GenericScope     : BeanFactory id=d4843646-6066-36df-ac4b-62ea6b6c1860
16:01:43:886  INFO 13724 --- [main] o.s.b.w.embedded.tomcat.TomcatWebServer  : Tomcat initialized with port(s): 8085 (http)
16:01:43:895  INFO 13724 --- [main] o.apache.catalina.core.StandardService   : Starting service [Tomcat]
16:01:43:895  INFO 13724 --- [main] org.apache.catalina.core.StandardEngine  : Starting Servlet engine: [Apache Tomcat/9.0.75]
16:01:44:065  INFO 13724 --- [main] o.a.c.c.C.[Tomcat].[localhost].[/]       : Initializing Spring embedded WebApplicationContext
16:01:44:065  INFO 13724 --- [main] w.s.c.ServletWebServerApplicationContext : Root WebApplicationContext: initialization completed in 1277 ms
16:01:44:198  INFO 13724 --- [main] o.s.c.openfeign.FeignClientFactoryBean   : For 'item-service' URL not provided. Will try picking an instance via load-balancing.
16:01:44:521  INFO 13724 --- [main] o.s.c.openfeign.FeignClientFactoryBean   : For 'cart-service' URL not provided. Will try picking an instance via load-balancing.
16:01:45:194  INFO 13724 --- [main] pertySourcedRequestMappingHandlerMapping : Mapped URL path [/v2/api-docs] onto method [springfox.documentation.swagger2.web.Swagger2ControllerWebMvc#getDocumentation(String, HttpServletRequest)]
16:01:45:675  INFO 13724 --- [main] com.alibaba.nacos.common.remote.client   : [RpcClientFactory] create a new rpc client of aaf7327e-a248-4713-8535-8fcd7667e489
16:01:45:728  INFO 13724 --- [main] org.reflections.Reflections              : Reflections took 25 ms to scan 1 urls, producing 3 keys and 6 values 
16:01:45:749  INFO 13724 --- [main] org.reflections.Reflections              : Reflections took 8 ms to scan 1 urls, producing 4 keys and 9 values 
16:01:45:756  INFO 13724 --- [main] org.reflections.Reflections              : Reflections took 5 ms to scan 1 urls, producing 3 keys and 10 values 
16:01:45:757  WARN 13724 --- [main] org.reflections.Reflections              : given scan urls are empty. set urls in the configuration
16:01:45:764  INFO 13724 --- [main] org.reflections.Reflections              : Reflections took 5 ms to scan 1 urls, producing 1 keys and 5 values 
16:01:45:773  INFO 13724 --- [main] org.reflections.Reflections              : Reflections took 7 ms to scan 1 urls, producing 1 keys and 7 values 
16:01:45:780  INFO 13724 --- [main] org.reflections.Reflections              : Reflections took 5 ms to scan 1 urls, producing 2 keys and 8 values 
16:01:45:782  WARN 13724 --- [main] org.reflections.Reflections              : given scan urls are empty. set urls in the configuration
16:01:45:783  INFO 13724 --- [main] com.alibaba.nacos.common.remote.client   : [aaf7327e-a248-4713-8535-8fcd7667e489] RpcClient init label, labels = {module=naming, source=sdk}
16:01:45:785  INFO 13724 --- [main] com.alibaba.nacos.common.remote.client   : [aaf7327e-a248-4713-8535-8fcd7667e489] RpcClient init, ServerListFactory = com.alibaba.nacos.client.naming.core.ServerListManager
16:01:45:785  INFO 13724 --- [main] com.alibaba.nacos.common.remote.client   : [aaf7327e-a248-4713-8535-8fcd7667e489] Registry connection listener to current client:com.alibaba.nacos.client.naming.remote.gprc.redo.NamingGrpcRedoService
16:01:45:785  INFO 13724 --- [main] com.alibaba.nacos.common.remote.client   : [aaf7327e-a248-4713-8535-8fcd7667e489] Register server push request handler:com.alibaba.nacos.client.naming.remote.gprc.NamingPushRequestHandler
16:01:45:786  INFO 13724 --- [main] com.alibaba.nacos.common.remote.client   : [aaf7327e-a248-4713-8535-8fcd7667e489] Try to connect to server on start up, server: {serverIp = '192.168.115.132', server main port = 8848}
16:01:46:888  INFO 13724 --- [main] com.alibaba.nacos.common.remote.client   : [aaf7327e-a248-4713-8535-8fcd7667e489] Success to connect to server [192.168.115.132:8848] on start up, connectionId = 1736755305808_192.168.115.1_55498
16:01:46:889  INFO 13724 --- [com.alibaba.nacos.client.remote.worker] com.alibaba.nacos.common.remote.client   : [aaf7327e-a248-4713-8535-8fcd7667e489] Notify connected event to listeners.
16:01:46:889  INFO 13724 --- [main] com.alibaba.nacos.common.remote.client   : [aaf7327e-a248-4713-8535-8fcd7667e489] Register server push request handler:com.alibaba.nacos.common.remote.client.RpcClient$ConnectResetRequestHandler
16:01:46:889  INFO 13724 --- [main] com.alibaba.nacos.common.remote.client   : [aaf7327e-a248-4713-8535-8fcd7667e489] Register server push request handler:com.alibaba.nacos.common.remote.client.RpcClient$$Lambda$990/0x0000000801389ed8
16:01:46:928  INFO 13724 --- [main] o.s.b.w.embedded.tomcat.TomcatWebServer  : Tomcat started on port(s): 8085 (http) with context path ''
16:01:46:937  INFO 13724 --- [main] c.a.c.n.registry.NacosServiceRegistry    : nacos registry, DEFAULT_GROUP trade-service 192.168.203.1:8085 register finished
16:01:47:274  INFO 13724 --- [main] d.s.w.p.DocumentationPluginsBootstrapper : Documentation plugins bootstrapped
16:01:47:277  INFO 13724 --- [main] d.s.w.p.DocumentationPluginsBootstrapper : Found 1 custom documentation plugin(s)
16:01:47:291  INFO 13724 --- [main] s.d.s.w.s.ApiListingReferenceScanner     : Scanning for api listing references
16:01:47:364  INFO 13724 --- [main] com.hmall.trade.TradeApplication         : Started TradeApplication in 5.383 seconds (JVM running for 6.055)
16:01:47:445  INFO 13724 --- [nacos-grpc-client-executor-10] com.alibaba.nacos.common.remote.client   : [aaf7327e-a248-4713-8535-8fcd7667e489] Receive server push request, request = NotifySubscriberRequest, requestId = 6
16:01:47:448  INFO 13724 --- [nacos-grpc-client-executor-10] com.alibaba.nacos.common.remote.client   : [aaf7327e-a248-4713-8535-8fcd7667e489] Ack server push request, request = NotifySubscriberRequest, requestId = 6
23:23:37:838  WARN 13724 --- [Thread-4] c.a.nacos.common.notify.NotifyCenter     : [NotifyCenter] Start destroying Publisher
23:23:37:838  WARN 13724 --- [Thread-7] c.a.n.common.http.HttpClientBeanHolder   : [HttpClientBeanHolder] Start destroying common HttpClient
23:23:37:846  WARN 13724 --- [Thread-4] c.a.nacos.common.notify.NotifyCenter     : [NotifyCenter] Destruction of the end
23:23:37:850  WARN 13724 --- [Thread-7] c.a.n.common.http.HttpClientBeanHolder   : [HttpClientBeanHolder] Destruction of the end
23:23:37:993  INFO 13724 --- [SpringApplicationShutdownHook] c.a.c.n.registry.NacosServiceRegistry    : De-registering from Nacos Server now...
23:23:37:996  INFO 13724 --- [SpringApplicationShutdownHook] c.a.c.n.registry.NacosServiceRegistry    : De-registration finished.
23:23:38:332  INFO 13724 --- [SpringApplicationShutdownHook] com.alibaba.nacos.common.remote.client   : Shutdown rpc client, set status to shutdown
23:23:38:333  INFO 13724 --- [SpringApplicationShutdownHook] com.alibaba.nacos.common.remote.client   : Shutdown client event executor java.util.concurrent.ScheduledThreadPoolExecutor@6e160167[Running, pool size = 2, active threads = 2, queued tasks = 0, completed tasks = 0]
23:23:38:333  INFO 13724 --- [SpringApplicationShutdownHook] com.alibaba.nacos.common.remote.client   : Close current connection 1736755305808_192.168.115.1_55498
23:23:38:335  INFO 13724 --- [nacos-grpc-client-executor-5328] c.a.n.c.remote.client.grpc.GrpcClient    : [1736755305808_192.168.115.1_55498]Ignore complete event,isRunning:false,isAbandon=false
23:23:38:344  INFO 13724 --- [SpringApplicationShutdownHook] c.a.n.c.remote.client.grpc.GrpcClient    : Shutdown grpc executor java.util.concurrent.ThreadPoolExecutor@1618cfc3[Running, pool size = 5, active threads = 0, queued tasks = 0, completed tasks = 5329]
