12:43:41:969  INFO 7704 --- [main] com.hmall.item.ItemApplication           : Starting ItemApplication using Java 17.0.6 on LAPTOP-BFIC8H2P with PID 7704 (D:\Desktop\sprindcloud\2\springcloud\day02-Docker\资料\hmall\item-service\target\classes started by 86132 in D:\Desktop\sprindcloud\2\springcloud\day02-Docker\资料\hmall)
12:43:41:972 DEBUG 7704 --- [main] com.hmall.item.ItemApplication           : Running with Spring Boot v2.7.12, Spring v5.3.27
12:43:41:974  INFO 7704 --- [main] com.hmall.item.ItemApplication           : The following 1 profile is active: "local"
12:43:42:704  INFO 7704 --- [main] o.s.cloud.context.scope.GenericScope     : BeanFactory id=62fb25a4-9c7b-314a-9c49-7e269f34c575
12:43:43:054  INFO 7704 --- [main] o.s.b.w.embedded.tomcat.TomcatWebServer  : Tomcat initialized with port(s): 8081 (http)
12:43:43:063  INFO 7704 --- [main] o.apache.catalina.core.StandardService   : Starting service [Tomcat]
12:43:43:063  INFO 7704 --- [main] org.apache.catalina.core.StandardEngine  : Starting Servlet engine: [Apache Tomcat/9.0.75]
12:43:43:217  INFO 7704 --- [main] o.a.c.c.C.[Tomcat].[localhost].[/]       : Initializing Spring embedded WebApplicationContext
12:43:43:217  INFO 7704 --- [main] w.s.c.ServletWebServerApplicationContext : Root WebApplicationContext: initialization completed in 1205 ms
12:43:44:180  INFO 7704 --- [main] pertySourcedRequestMappingHandlerMapping : Mapped URL path [/v2/api-docs] onto method [springfox.documentation.swagger2.web.Swagger2ControllerWebMvc#getDocumentation(String, HttpServletRequest)]
12:43:44:631  INFO 7704 --- [main] com.alibaba.nacos.common.remote.client   : [RpcClientFactory] create a new rpc client of 547d1efa-071c-4fc2-bcf7-e5c0f6886152
12:43:44:675  INFO 7704 --- [main] org.reflections.Reflections              : Reflections took 21 ms to scan 1 urls, producing 3 keys and 6 values 
12:43:44:695  INFO 7704 --- [main] org.reflections.Reflections              : Reflections took 7 ms to scan 1 urls, producing 4 keys and 9 values 
12:43:44:705  INFO 7704 --- [main] org.reflections.Reflections              : Reflections took 8 ms to scan 1 urls, producing 3 keys and 10 values 
12:43:44:707  WARN 7704 --- [main] org.reflections.Reflections              : given scan urls are empty. set urls in the configuration
12:43:44:712  INFO 7704 --- [main] org.reflections.Reflections              : Reflections took 5 ms to scan 1 urls, producing 1 keys and 5 values 
12:43:44:718  INFO 7704 --- [main] org.reflections.Reflections              : Reflections took 5 ms to scan 1 urls, producing 1 keys and 7 values 
12:43:44:724  INFO 7704 --- [main] org.reflections.Reflections              : Reflections took 4 ms to scan 1 urls, producing 2 keys and 8 values 
12:43:44:727  WARN 7704 --- [main] org.reflections.Reflections              : given scan urls are empty. set urls in the configuration
12:43:44:727  INFO 7704 --- [main] com.alibaba.nacos.common.remote.client   : [547d1efa-071c-4fc2-bcf7-e5c0f6886152] RpcClient init label, labels = {module=naming, source=sdk}
12:43:44:729  INFO 7704 --- [main] com.alibaba.nacos.common.remote.client   : [547d1efa-071c-4fc2-bcf7-e5c0f6886152] RpcClient init, ServerListFactory = com.alibaba.nacos.client.naming.core.ServerListManager
12:43:44:729  INFO 7704 --- [main] com.alibaba.nacos.common.remote.client   : [547d1efa-071c-4fc2-bcf7-e5c0f6886152] Registry connection listener to current client:com.alibaba.nacos.client.naming.remote.gprc.redo.NamingGrpcRedoService
12:43:44:729  INFO 7704 --- [main] com.alibaba.nacos.common.remote.client   : [547d1efa-071c-4fc2-bcf7-e5c0f6886152] Register server push request handler:com.alibaba.nacos.client.naming.remote.gprc.NamingPushRequestHandler
12:43:44:730  INFO 7704 --- [main] com.alibaba.nacos.common.remote.client   : [547d1efa-071c-4fc2-bcf7-e5c0f6886152] Try to connect to server on start up, server: {serverIp = '192.168.115.132', server main port = 8848}
12:43:45:950  INFO 7704 --- [main] com.alibaba.nacos.common.remote.client   : [547d1efa-071c-4fc2-bcf7-e5c0f6886152] Success to connect to server [192.168.115.132:8848] on start up, connectionId = 1736916225460_192.168.115.1_58681
12:43:45:951  INFO 7704 --- [com.alibaba.nacos.client.remote.worker] com.alibaba.nacos.common.remote.client   : [547d1efa-071c-4fc2-bcf7-e5c0f6886152] Notify connected event to listeners.
12:43:45:951  INFO 7704 --- [main] com.alibaba.nacos.common.remote.client   : [547d1efa-071c-4fc2-bcf7-e5c0f6886152] Register server push request handler:com.alibaba.nacos.common.remote.client.RpcClient$ConnectResetRequestHandler
12:43:45:951  INFO 7704 --- [main] com.alibaba.nacos.common.remote.client   : [547d1efa-071c-4fc2-bcf7-e5c0f6886152] Register server push request handler:com.alibaba.nacos.common.remote.client.RpcClient$$Lambda$950/0x0000000801387240
12:43:46:000  INFO 7704 --- [main] o.s.b.w.embedded.tomcat.TomcatWebServer  : Tomcat started on port(s): 8081 (http) with context path ''
12:43:46:011  INFO 7704 --- [main] c.a.c.n.registry.NacosServiceRegistry    : nacos registry, DEFAULT_GROUP item-service 192.168.203.1:8081 register finished
12:43:46:404  INFO 7704 --- [main] d.s.w.p.DocumentationPluginsBootstrapper : Documentation plugins bootstrapped
12:43:46:409  INFO 7704 --- [main] d.s.w.p.DocumentationPluginsBootstrapper : Found 1 custom documentation plugin(s)
12:43:46:446  INFO 7704 --- [main] s.d.s.w.s.ApiListingReferenceScanner     : Scanning for api listing references
12:43:46:537  INFO 7704 --- [nacos-grpc-client-executor-11] com.alibaba.nacos.common.remote.client   : [547d1efa-071c-4fc2-bcf7-e5c0f6886152] Receive server push request, request = NotifySubscriberRequest, requestId = 4
12:43:46:541  INFO 7704 --- [nacos-grpc-client-executor-11] com.alibaba.nacos.common.remote.client   : [547d1efa-071c-4fc2-bcf7-e5c0f6886152] Ack server push request, request = NotifySubscriberRequest, requestId = 4
12:43:46:588  INFO 7704 --- [main] com.hmall.item.ItemApplication           : Started ItemApplication in 5.333 seconds (JVM running for 6.023)
12:43:47:062  INFO 15412 --- [main] com.hmall.item.ItemApplication           : Starting ItemApplication using Java 17.0.6 on LAPTOP-BFIC8H2P with PID 15412 (D:\Desktop\sprindcloud\2\springcloud\day02-Docker\资料\hmall\item-service\target\classes started by 86132 in D:\Desktop\sprindcloud\2\springcloud\day02-Docker\资料\hmall)
12:43:47:065 DEBUG 15412 --- [main] com.hmall.item.ItemApplication           : Running with Spring Boot v2.7.12, Spring v5.3.27
12:43:47:065  INFO 15412 --- [main] com.hmall.item.ItemApplication           : The following 1 profile is active: "local"
12:43:47:824  INFO 15412 --- [main] o.s.cloud.context.scope.GenericScope     : BeanFactory id=62fb25a4-9c7b-314a-9c49-7e269f34c575
12:43:48:209  INFO 15412 --- [main] o.s.b.w.embedded.tomcat.TomcatWebServer  : Tomcat initialized with port(s): 8083 (http)
12:43:48:218  INFO 15412 --- [main] o.apache.catalina.core.StandardService   : Starting service [Tomcat]
12:43:48:218  INFO 15412 --- [main] org.apache.catalina.core.StandardEngine  : Starting Servlet engine: [Apache Tomcat/9.0.75]
12:43:48:376  INFO 15412 --- [main] o.a.c.c.C.[Tomcat].[localhost].[/]       : Initializing Spring embedded WebApplicationContext
12:43:48:376  INFO 15412 --- [main] w.s.c.ServletWebServerApplicationContext : Root WebApplicationContext: initialization completed in 1273 ms
12:43:49:626  INFO 15412 --- [main] pertySourcedRequestMappingHandlerMapping : Mapped URL path [/v2/api-docs] onto method [springfox.documentation.swagger2.web.Swagger2ControllerWebMvc#getDocumentation(String, HttpServletRequest)]
12:43:50:167  INFO 15412 --- [main] com.alibaba.nacos.common.remote.client   : [RpcClientFactory] create a new rpc client of b026b110-d4d7-40bb-9d4b-9c2e5cc12252
12:43:50:215  INFO 15412 --- [main] org.reflections.Reflections              : Reflections took 20 ms to scan 1 urls, producing 3 keys and 6 values 
12:43:50:234  INFO 15412 --- [main] org.reflections.Reflections              : Reflections took 7 ms to scan 1 urls, producing 4 keys and 9 values 
12:43:50:242  INFO 15412 --- [main] org.reflections.Reflections              : Reflections took 6 ms to scan 1 urls, producing 3 keys and 10 values 
12:43:50:244  WARN 15412 --- [main] org.reflections.Reflections              : given scan urls are empty. set urls in the configuration
12:43:50:249  INFO 15412 --- [main] org.reflections.Reflections              : Reflections took 5 ms to scan 1 urls, producing 1 keys and 5 values 
12:43:50:257  INFO 15412 --- [main] org.reflections.Reflections              : Reflections took 6 ms to scan 1 urls, producing 1 keys and 7 values 
12:43:50:266  INFO 15412 --- [main] org.reflections.Reflections              : Reflections took 7 ms to scan 1 urls, producing 2 keys and 8 values 
12:43:50:268  WARN 15412 --- [main] org.reflections.Reflections              : given scan urls are empty. set urls in the configuration
12:43:50:268  INFO 15412 --- [main] com.alibaba.nacos.common.remote.client   : [b026b110-d4d7-40bb-9d4b-9c2e5cc12252] RpcClient init label, labels = {module=naming, source=sdk}
12:43:50:271  INFO 15412 --- [main] com.alibaba.nacos.common.remote.client   : [b026b110-d4d7-40bb-9d4b-9c2e5cc12252] RpcClient init, ServerListFactory = com.alibaba.nacos.client.naming.core.ServerListManager
12:43:50:271  INFO 15412 --- [main] com.alibaba.nacos.common.remote.client   : [b026b110-d4d7-40bb-9d4b-9c2e5cc12252] Registry connection listener to current client:com.alibaba.nacos.client.naming.remote.gprc.redo.NamingGrpcRedoService
12:43:50:271  INFO 15412 --- [main] com.alibaba.nacos.common.remote.client   : [b026b110-d4d7-40bb-9d4b-9c2e5cc12252] Register server push request handler:com.alibaba.nacos.client.naming.remote.gprc.NamingPushRequestHandler
12:43:50:273  INFO 15412 --- [main] com.alibaba.nacos.common.remote.client   : [b026b110-d4d7-40bb-9d4b-9c2e5cc12252] Try to connect to server on start up, server: {serverIp = '192.168.115.132', server main port = 8848}
12:43:51:510  INFO 15412 --- [main] com.alibaba.nacos.common.remote.client   : [b026b110-d4d7-40bb-9d4b-9c2e5cc12252] Success to connect to server [192.168.115.132:8848] on start up, connectionId = 1736916231009_192.168.115.1_58698
12:43:51:510  INFO 15412 --- [com.alibaba.nacos.client.remote.worker] com.alibaba.nacos.common.remote.client   : [b026b110-d4d7-40bb-9d4b-9c2e5cc12252] Notify connected event to listeners.
12:43:51:511  INFO 15412 --- [main] com.alibaba.nacos.common.remote.client   : [b026b110-d4d7-40bb-9d4b-9c2e5cc12252] Register server push request handler:com.alibaba.nacos.common.remote.client.RpcClient$ConnectResetRequestHandler
12:43:51:511  INFO 15412 --- [main] com.alibaba.nacos.common.remote.client   : [b026b110-d4d7-40bb-9d4b-9c2e5cc12252] Register server push request handler:com.alibaba.nacos.common.remote.client.RpcClient$$Lambda$950/0x0000000801367680
12:43:51:563  INFO 15412 --- [main] o.s.b.w.embedded.tomcat.TomcatWebServer  : Tomcat started on port(s): 8083 (http) with context path ''
12:43:51:573  INFO 15412 --- [main] c.a.c.n.registry.NacosServiceRegistry    : nacos registry, DEFAULT_GROUP item-service 192.168.203.1:8083 register finished
12:43:51:909  INFO 15412 --- [main] d.s.w.p.DocumentationPluginsBootstrapper : Documentation plugins bootstrapped
12:43:51:912  INFO 15412 --- [main] d.s.w.p.DocumentationPluginsBootstrapper : Found 1 custom documentation plugin(s)
12:43:51:934  INFO 15412 --- [main] s.d.s.w.s.ApiListingReferenceScanner     : Scanning for api listing references
12:43:52:029  INFO 15412 --- [main] com.hmall.item.ItemApplication           : Started ItemApplication in 5.729 seconds (JVM running for 6.43)
12:43:52:048  INFO 7704 --- [nacos-grpc-client-executor-13] com.alibaba.nacos.common.remote.client   : [547d1efa-071c-4fc2-bcf7-e5c0f6886152] Receive server push request, request = NotifySubscriberRequest, requestId = 5
12:43:52:051  INFO 7704 --- [nacos-grpc-client-executor-13] com.alibaba.nacos.common.remote.client   : [547d1efa-071c-4fc2-bcf7-e5c0f6886152] Ack server push request, request = NotifySubscriberRequest, requestId = 5
12:43:52:059  INFO 15412 --- [nacos-grpc-client-executor-9] com.alibaba.nacos.common.remote.client   : [b026b110-d4d7-40bb-9d4b-9c2e5cc12252] Receive server push request, request = NotifySubscriberRequest, requestId = 6
12:43:52:060  INFO 15412 --- [nacos-grpc-client-executor-9] com.alibaba.nacos.common.remote.client   : [b026b110-d4d7-40bb-9d4b-9c2e5cc12252] Ack server push request, request = NotifySubscriberRequest, requestId = 6
12:46:15:909  INFO 7704 --- [http-nio-8081-exec-1] o.a.c.c.C.[Tomcat].[localhost].[/]       : Initializing Spring DispatcherServlet 'dispatcherServlet'
12:46:15:910  INFO 7704 --- [http-nio-8081-exec-1] o.s.web.servlet.DispatcherServlet        : Initializing Servlet 'dispatcherServlet'
12:46:15:911  INFO 7704 --- [http-nio-8081-exec-1] o.s.web.servlet.DispatcherServlet        : Completed initialization in 1 ms
12:46:15:975  INFO 7704 --- [http-nio-8081-exec-1] com.zaxxer.hikari.HikariDataSource       : HikariPool-1 - Starting...
12:46:16:221  INFO 7704 --- [http-nio-8081-exec-1] com.zaxxer.hikari.HikariDataSource       : HikariPool-1 - Start completed.
12:46:16:227 DEBUG 7704 --- [http-nio-8081-exec-1] c.h.i.mapper.ItemMapper.selectBatchIds   : ==>  Preparing: SELECT id,name,price,stock,image,category,brand,spec,sold,comment_count,isAD,status,create_time,update_time,creater,updater FROM item WHERE id IN ( ? )
12:46:16:248 DEBUG 7704 --- [http-nio-8081-exec-1] c.h.i.mapper.ItemMapper.selectBatchIds   : ==> Parameters: 100000006163(Long)
12:46:16:295 DEBUG 7704 --- [http-nio-8081-exec-1] c.h.i.mapper.ItemMapper.selectBatchIds   : <==      Total: 1
12:46:17:525  INFO 15412 --- [http-nio-8083-exec-1] o.a.c.c.C.[Tomcat].[localhost].[/]       : Initializing Spring DispatcherServlet 'dispatcherServlet'
12:46:17:526  INFO 15412 --- [http-nio-8083-exec-1] o.s.web.servlet.DispatcherServlet        : Initializing Servlet 'dispatcherServlet'
12:46:17:527  INFO 15412 --- [http-nio-8083-exec-1] o.s.web.servlet.DispatcherServlet        : Completed initialization in 1 ms
12:46:17:582  INFO 15412 --- [http-nio-8083-exec-1] com.zaxxer.hikari.HikariDataSource       : HikariPool-1 - Starting...
12:46:17:798  INFO 15412 --- [http-nio-8083-exec-1] com.zaxxer.hikari.HikariDataSource       : HikariPool-1 - Start completed.
12:46:17:803 DEBUG 15412 --- [http-nio-8083-exec-1] c.h.i.mapper.ItemMapper.selectBatchIds   : ==>  Preparing: SELECT id,name,price,stock,image,category,brand,spec,sold,comment_count,isAD,status,create_time,update_time,creater,updater FROM item WHERE id IN ( ? )
12:46:17:823 DEBUG 15412 --- [http-nio-8083-exec-1] c.h.i.mapper.ItemMapper.selectBatchIds   : ==> Parameters: 100000006163(Long)
12:46:17:844 DEBUG 15412 --- [http-nio-8083-exec-1] c.h.i.mapper.ItemMapper.selectBatchIds   : <==      Total: 1
13:07:53:658 DEBUG 7704 --- [http-nio-8081-exec-3] c.h.i.mapper.ItemMapper.selectBatchIds   : ==>  Preparing: SELECT id,name,price,stock,image,category,brand,spec,sold,comment_count,isAD,status,create_time,update_time,creater,updater FROM item WHERE id IN ( ? )
13:07:53:658 DEBUG 7704 --- [http-nio-8081-exec-3] c.h.i.mapper.ItemMapper.selectBatchIds   : ==> Parameters: 100000006163(Long)
13:07:53:660 DEBUG 7704 --- [http-nio-8081-exec-3] c.h.i.mapper.ItemMapper.selectBatchIds   : <==      Total: 1
13:11:31:339 DEBUG 15412 --- [http-nio-8083-exec-3] c.h.i.mapper.ItemMapper.selectBatchIds   : ==>  Preparing: SELECT id,name,price,stock,image,category,brand,spec,sold,comment_count,isAD,status,create_time,update_time,creater,updater FROM item WHERE id IN ( ? )
13:11:31:340 DEBUG 15412 --- [http-nio-8083-exec-3] c.h.i.mapper.ItemMapper.selectBatchIds   : ==> Parameters: 100000006163(Long)
13:11:31:340 DEBUG 15412 --- [http-nio-8083-exec-3] c.h.i.mapper.ItemMapper.selectBatchIds   : <==      Total: 1
13:11:38:729 DEBUG 7704 --- [http-nio-8081-exec-5] c.h.i.mapper.ItemMapper.selectBatchIds   : ==>  Preparing: SELECT id,name,price,stock,image,category,brand,spec,sold,comment_count,isAD,status,create_time,update_time,creater,updater FROM item WHERE id IN ( ? )
13:11:38:730 DEBUG 7704 --- [http-nio-8081-exec-5] c.h.i.mapper.ItemMapper.selectBatchIds   : ==> Parameters: 100000006163(Long)
13:11:38:731 DEBUG 7704 --- [http-nio-8081-exec-5] c.h.i.mapper.ItemMapper.selectBatchIds   : <==      Total: 1
13:11:41:346 DEBUG 15412 --- [http-nio-8083-exec-4] c.h.i.mapper.ItemMapper.selectBatchIds   : ==>  Preparing: SELECT id,name,price,stock,image,category,brand,spec,sold,comment_count,isAD,status,create_time,update_time,creater,updater FROM item WHERE id IN ( ? )
13:11:41:347 DEBUG 15412 --- [http-nio-8083-exec-4] c.h.i.mapper.ItemMapper.selectBatchIds   : ==> Parameters: 100000006163(Long)
13:11:41:349 DEBUG 15412 --- [http-nio-8083-exec-4] c.h.i.mapper.ItemMapper.selectBatchIds   : <==      Total: 1
13:11:46:733  WARN 7704 --- [http-nio-8081-exec-6] c.b.m.c.t.support.ReflectLambdaMeta      : Unable to make field private final java.lang.Class java.lang.invoke.SerializedLambda.capturingClass accessible: module java.base does not "opens java.lang.invoke" to unnamed module @3c41ed1d
13:11:46:786 DEBUG 7704 --- [http-nio-8081-exec-6] c.h.i.m.ItemMapper.selectPage_mpCount    : ==>  Preparing: SELECT COUNT(*) AS total FROM item WHERE (status = ?)
13:11:46:787 DEBUG 7704 --- [http-nio-8081-exec-6] c.h.i.m.ItemMapper.selectPage_mpCount    : ==> Parameters: 1(Integer)
13:11:46:862 DEBUG 7704 --- [http-nio-8081-exec-6] c.h.i.m.ItemMapper.selectPage_mpCount    : <==      Total: 1
13:11:46:869 DEBUG 7704 --- [http-nio-8081-exec-6] c.h.item.mapper.ItemMapper.selectPage    : ==>  Preparing: SELECT id, name, price, stock, image, category, brand, spec, sold, comment_count, isAD, status, create_time, update_time, creater, updater FROM item WHERE (status = ?) ORDER BY update_time DESC LIMIT ?
13:11:46:870 DEBUG 7704 --- [http-nio-8081-exec-6] c.h.item.mapper.ItemMapper.selectPage    : ==> Parameters: 1(Integer), 20(Long)
13:11:46:901 DEBUG 7704 --- [http-nio-8081-exec-6] c.h.item.mapper.ItemMapper.selectPage    : <==      Total: 20
13:11:52:163 DEBUG 7704 --- [http-nio-8081-exec-7] c.h.i.mapper.ItemMapper.selectBatchIds   : ==>  Preparing: SELECT id,name,price,stock,image,category,brand,spec,sold,comment_count,isAD,status,create_time,update_time,creater,updater FROM item WHERE id IN ( ? , ? )
13:11:52:163 DEBUG 7704 --- [http-nio-8081-exec-7] c.h.i.mapper.ItemMapper.selectBatchIds   : ==> Parameters: 100000006163(Long), 2120808(Long)
13:11:52:165 DEBUG 7704 --- [http-nio-8081-exec-7] c.h.i.mapper.ItemMapper.selectBatchIds   : <==      Total: 2
13:30:20:717 DEBUG 7704 --- [http-nio-8081-exec-10] c.h.i.mapper.ItemMapper.selectBatchIds   : ==>  Preparing: SELECT id,name,price,stock,image,category,brand,spec,sold,comment_count,isAD,status,create_time,update_time,creater,updater FROM item WHERE id IN ( ? , ? )
13:30:20:717 DEBUG 7704 --- [http-nio-8081-exec-10] c.h.i.mapper.ItemMapper.selectBatchIds   : ==> Parameters: 100000006163(Long), 2120808(Long)
13:30:20:720 DEBUG 7704 --- [http-nio-8081-exec-10] c.h.i.mapper.ItemMapper.selectBatchIds   : <==      Total: 2
13:30:24:160  WARN 15412 --- [http-nio-8083-exec-5] c.b.m.c.t.support.ReflectLambdaMeta      : Unable to make field private final java.lang.Class java.lang.invoke.SerializedLambda.capturingClass accessible: module java.base does not "opens java.lang.invoke" to unnamed module @3c41ed1d
13:30:24:223 DEBUG 15412 --- [http-nio-8083-exec-5] c.h.i.m.ItemMapper.selectPage_mpCount    : ==>  Preparing: SELECT COUNT(*) AS total FROM item WHERE (status = ?)
13:30:24:223 DEBUG 15412 --- [http-nio-8083-exec-5] c.h.i.m.ItemMapper.selectPage_mpCount    : ==> Parameters: 1(Integer)
13:30:24:235 DEBUG 15412 --- [http-nio-8083-exec-5] c.h.i.m.ItemMapper.selectPage_mpCount    : <==      Total: 1
13:30:24:241 DEBUG 15412 --- [http-nio-8083-exec-5] c.h.item.mapper.ItemMapper.selectPage    : ==>  Preparing: SELECT id, name, price, stock, image, category, brand, spec, sold, comment_count, isAD, status, create_time, update_time, creater, updater FROM item WHERE (status = ?) ORDER BY update_time DESC LIMIT ?
13:30:24:241 DEBUG 15412 --- [http-nio-8083-exec-5] c.h.item.mapper.ItemMapper.selectPage    : ==> Parameters: 1(Integer), 20(Long)
13:30:24:248 DEBUG 15412 --- [http-nio-8083-exec-5] c.h.item.mapper.ItemMapper.selectPage    : <==      Total: 20
13:31:28:669 DEBUG 15412 --- [http-nio-8083-exec-8] c.h.i.mapper.ItemMapper.selectBatchIds   : ==>  Preparing: SELECT id,name,price,stock,image,category,brand,spec,sold,comment_count,isAD,status,create_time,update_time,creater,updater FROM item WHERE id IN ( ? , ? , ? )
13:31:28:669 DEBUG 15412 --- [http-nio-8083-exec-8] c.h.i.mapper.ItemMapper.selectBatchIds   : ==> Parameters: 100000006163(Long), 100001511821(Long), 2120808(Long)
13:31:28:670 DEBUG 15412 --- [http-nio-8083-exec-8] c.h.i.mapper.ItemMapper.selectBatchIds   : <==      Total: 3
15:10:40:752 DEBUG 7704 --- [http-nio-8081-exec-2] c.h.i.m.ItemMapper.selectPage_mpCount    : ==>  Preparing: SELECT COUNT(*) AS total FROM item
15:10:40:756 DEBUG 7704 --- [http-nio-8081-exec-2] c.h.i.m.ItemMapper.selectPage_mpCount    : ==> Parameters: 
15:10:40:770 DEBUG 7704 --- [http-nio-8081-exec-2] c.h.i.m.ItemMapper.selectPage_mpCount    : <==      Total: 1
15:10:40:773 DEBUG 7704 --- [http-nio-8081-exec-2] c.h.item.mapper.ItemMapper.selectPage    : ==>  Preparing: SELECT id, name, price, stock, image, category, brand, spec, sold, comment_count, isAD, status, create_time, update_time, creater, updater FROM item ORDER BY update_time DESC LIMIT ?
15:10:40:773 DEBUG 7704 --- [http-nio-8081-exec-2] c.h.item.mapper.ItemMapper.selectPage    : ==> Parameters: 20(Long)
15:10:40:779 DEBUG 7704 --- [http-nio-8081-exec-2] c.h.item.mapper.ItemMapper.selectPage    : <==      Total: 20
17:45:24:516  WARN 7704 --- [Thread-7] c.a.n.common.http.HttpClientBeanHolder   : [HttpClientBeanHolder] Start destroying common HttpClient
17:45:24:516  WARN 7704 --- [Thread-4] c.a.nacos.common.notify.NotifyCenter     : [NotifyCenter] Start destroying Publisher
17:45:24:520  WARN 7704 --- [Thread-4] c.a.nacos.common.notify.NotifyCenter     : [NotifyCenter] Destruction of the end
17:45:24:524  WARN 7704 --- [Thread-7] c.a.n.common.http.HttpClientBeanHolder   : [HttpClientBeanHolder] Destruction of the end
17:45:24:606  INFO 7704 --- [SpringApplicationShutdownHook] c.a.c.n.registry.NacosServiceRegistry    : De-registering from Nacos Server now...
17:45:24:609  INFO 7704 --- [SpringApplicationShutdownHook] c.a.c.n.registry.NacosServiceRegistry    : De-registration finished.
17:45:24:778  WARN 15412 --- [Thread-4] c.a.nacos.common.notify.NotifyCenter     : [NotifyCenter] Start destroying Publisher
17:45:24:778  WARN 15412 --- [Thread-7] c.a.n.common.http.HttpClientBeanHolder   : [HttpClientBeanHolder] Start destroying common HttpClient
17:45:24:782  WARN 15412 --- [Thread-4] c.a.nacos.common.notify.NotifyCenter     : [NotifyCenter] Destruction of the end
17:45:24:786  WARN 15412 --- [Thread-7] c.a.n.common.http.HttpClientBeanHolder   : [HttpClientBeanHolder] Destruction of the end
17:45:24:876  INFO 15412 --- [SpringApplicationShutdownHook] c.a.c.n.registry.NacosServiceRegistry    : De-registering from Nacos Server now...
17:45:24:882  INFO 15412 --- [SpringApplicationShutdownHook] c.a.c.n.registry.NacosServiceRegistry    : De-registration finished.
17:45:24:946  INFO 7704 --- [SpringApplicationShutdownHook] com.alibaba.nacos.common.remote.client   : Shutdown rpc client, set status to shutdown
17:45:24:946  INFO 7704 --- [SpringApplicationShutdownHook] com.alibaba.nacos.common.remote.client   : Shutdown client event executor java.util.concurrent.ScheduledThreadPoolExecutor@6b9189b8[Running, pool size = 2, active threads = 2, queued tasks = 0, completed tasks = 0]
17:45:24:946  INFO 7704 --- [SpringApplicationShutdownHook] com.alibaba.nacos.common.remote.client   : Close current connection 1736916225460_192.168.115.1_58681
17:45:24:948  INFO 7704 --- [nacos-grpc-client-executor-3669] c.a.n.c.remote.client.grpc.GrpcClient    : [1736916225460_192.168.115.1_58681]Ignore complete event,isRunning:false,isAbandon=false
17:45:24:960  INFO 7704 --- [SpringApplicationShutdownHook] c.a.n.c.remote.client.grpc.GrpcClient    : Shutdown grpc executor java.util.concurrent.ThreadPoolExecutor@2002b5a8[Running, pool size = 4, active threads = 0, queued tasks = 0, completed tasks = 3670]
17:45:24:967  INFO 7704 --- [SpringApplicationShutdownHook] com.zaxxer.hikari.HikariDataSource       : HikariPool-1 - Shutdown initiated...
17:45:24:978  INFO 7704 --- [SpringApplicationShutdownHook] com.zaxxer.hikari.HikariDataSource       : HikariPool-1 - Shutdown completed.
17:45:25:188  INFO 15412 --- [nacos-grpc-client-executor-3662] com.alibaba.nacos.common.remote.client   : [b026b110-d4d7-40bb-9d4b-9c2e5cc12252] Receive server push request, request = NotifySubscriberRequest, requestId = 34
17:45:25:190  INFO 15412 --- [nacos-grpc-client-executor-3662] com.alibaba.nacos.common.remote.client   : [b026b110-d4d7-40bb-9d4b-9c2e5cc12252] Ack server push request, request = NotifySubscriberRequest, requestId = 34
17:45:25:214  INFO 15412 --- [SpringApplicationShutdownHook] com.alibaba.nacos.common.remote.client   : Shutdown rpc client, set status to shutdown
17:45:25:214  INFO 15412 --- [SpringApplicationShutdownHook] com.alibaba.nacos.common.remote.client   : Shutdown client event executor java.util.concurrent.ScheduledThreadPoolExecutor@47dd93d7[Running, pool size = 2, active threads = 2, queued tasks = 0, completed tasks = 0]
17:45:25:214  INFO 15412 --- [SpringApplicationShutdownHook] com.alibaba.nacos.common.remote.client   : Close current connection 1736916231009_192.168.115.1_58698
17:45:25:216  INFO 15412 --- [nacos-grpc-client-executor-3663] c.a.n.c.remote.client.grpc.GrpcClient    : [1736916231009_192.168.115.1_58698]Ignore complete event,isRunning:false,isAbandon=false
17:45:25:224  INFO 15412 --- [SpringApplicationShutdownHook] c.a.n.c.remote.client.grpc.GrpcClient    : Shutdown grpc executor java.util.concurrent.ThreadPoolExecutor@3eaf08cc[Running, pool size = 5, active threads = 0, queued tasks = 0, completed tasks = 3664]
17:45:25:231  INFO 15412 --- [SpringApplicationShutdownHook] com.zaxxer.hikari.HikariDataSource       : HikariPool-1 - Shutdown initiated...
17:45:25:241  INFO 15412 --- [SpringApplicationShutdownHook] com.zaxxer.hikari.HikariDataSource       : HikariPool-1 - Shutdown completed.
